<?xml version="1.0" encoding="UTF-8"?>
<!-- Generated by org.testng.reporters.JUnitReportReporter -->
<testsuite hostname="DESKTOP-BQ6L8PU" failures="0" tests="3" name="Test_NG_3class.sample2" time="0.029" errors="0" timestamp="2022-08-19T23:27:27 IST" skipped="0">
  <testcase classname="Test_NG_3class.sample2" name="TC6" time="0.003"/>
  <system-out>
    <![CDATA[runnig tc 6]]>
  </system-out>
  <testcase classname="Test_NG_3class.sample2" name="TC4" time="0.021"/>
  <system-out>
    <![CDATA[running tc 4]]>
  </system-out>
  <testcase classname="Test_NG_3class.sample2" name="TC5" time="0.005"/>
  <system-out>
    <![CDATA[running tc5]]>
  </system-out>
</testsuite> <!-- Test_NG_3class.sample2 -->
