<?xml version="1.0" encoding="UTF-8"?>
<!-- Generated by org.testng.reporters.JUnitReportReporter -->
<testsuite hostname="DESKTOP-BQ6L8PU" failures="0" tests="3" name="batch_exicutionTestNG_disable.sample3" time="0.018" errors="0" timestamp="2022-08-21T13:37:34 IST" skipped="0">
  <testcase classname="batch_exicutionTestNG_disable.sample3" name="TC9" time="0.005"/>
  <system-out>
    <![CDATA[running TC 9]]>
  </system-out>
  <testcase classname="batch_exicutionTestNG_disable.sample3" name="TC8" time="0.006"/>
  <system-out>
    <![CDATA[running TC 8]]>
  </system-out>
  <testcase classname="batch_exicutionTestNG_disable.sample3" name="TC7" time="0.007"/>
  <system-out>
    <![CDATA[running tc7]]>
  </system-out>
</testsuite> <!-- batch_exicutionTestNG_disable.sample3 -->
