<?xml version="1.0" encoding="UTF-8"?>
<!-- Generated by org.testng.reporters.JUnitReportReporter -->
<testsuite hostname="DESKTOP-BQ6L8PU" failures="0" tests="1" name="TestNG.emailablepp" time="0.016" errors="0" timestamp="2022-08-18T00:08:35 IST" skipped="0">
  <testcase classname="TestNG.emailablepp" name="TC" time="0.016"/>
  <system-out>
    <![CDATA[hii AT]]>
  </system-out>
</testsuite> <!-- TestNG.emailablepp -->
