<?xml version="1.0" encoding="UTF-8"?>
<!-- Generated by org.testng.reporters.JUnitReportReporter -->
<testsuite hostname="DESKTOP-BQ6L8PU" failures="0" tests="3" name="batch_exicutionTestNG_disable.sample2" time="0.017" errors="0" timestamp="2022-08-21T13:37:34 IST" skipped="0">
  <testcase classname="batch_exicutionTestNG_disable.sample2" name="TC6" time="0.001"/>
  <system-out>
    <![CDATA[running TC 6]]>
  </system-out>
  <testcase classname="batch_exicutionTestNG_disable.sample2" name="TC4" time="0.014"/>
  <system-out>
    <![CDATA[running tc4]]>
  </system-out>
  <testcase classname="batch_exicutionTestNG_disable.sample2" name="TC5" time="0.002"/>
  <system-out>
    <![CDATA[running TC 5]]>
  </system-out>
</testsuite> <!-- batch_exicutionTestNG_disable.sample2 -->
