<?xml version="1.0" encoding="UTF-8"?>
<!-- Generated by org.testng.reporters.JUnitReportReporter -->
<testsuite hostname="DESKTOP-BQ6L8PU" failures="0" tests="3" name="batch_exicutionTestNG_disable.sample" time="0.017" errors="0" timestamp="2022-08-21T13:37:34 IST" skipped="0">
  <testcase classname="batch_exicutionTestNG_disable.sample" name="TC2" time="0.011"/>
  <system-out>
    <![CDATA[running TC2]]>
  </system-out>
  <testcase classname="batch_exicutionTestNG_disable.sample" name="TC3" time="0.004"/>
  <system-out>
    <![CDATA[runnig TC3]]>
  </system-out>
  <testcase classname="batch_exicutionTestNG_disable.sample" name="TC1" time="0.002"/>
  <system-out>
    <![CDATA[running tc 1]]>
  </system-out>
</testsuite> <!-- batch_exicutionTestNG_disable.sample -->
