<?xml version="1.0" encoding="UTF-8"?>
<!-- Generated by org.testng.reporters.JUnitReportReporter -->
<testsuite hostname="DESKTOP-BQ6L8PU" failures="0" tests="1" name="Test_NG_advantage.Annotation" time="0.012" errors="0" timestamp="2022-08-18T00:24:30 IST" skipped="0">
  <testcase classname="Test_NG_advantage.Annotation" name="verifyID" time="0.012"/>
  <system-out>
    <![CDATA[verify user id]]>
  </system-out>
</testsuite> <!-- Test_NG_advantage.Annotation -->
