<?xml version="1.0" encoding="UTF-8"?>
<!-- Generated by org.testng.reporters.JUnitReportReporter -->
<testsuite hostname="DESKTOP-BQ6L8PU" failures="0" tests="1" name="TestNG.emailable" time="0.021" errors="0" timestamp="2022-08-17T23:53:49 IST" skipped="0">
  <testcase classname="TestNG.emailable" name="TC" time="0.021"/>
  <system-out>
    <![CDATA[hii]]>
  </system-out>
</testsuite> <!-- TestNG.emailable -->
