<?xml version="1.0" encoding="UTF-8"?>
<!-- Generated by org.testng.reporters.JUnitReportReporter -->
<testsuite hostname="DESKTOP-BQ6L8PU" failures="0" tests="1" name="True.testtrue" time="0.016" errors="0" timestamp="2022-08-23T02:17:03 IST" skipped="0">
  <testcase classname="True.testtrue" name="tc1" time="0.016"/>
  <system-out>
    <![CDATA[test case is running]]>
  </system-out>
</testsuite> <!-- True.testtrue -->
