<?xml version="1.0" encoding="UTF-8"?>
<!-- Generated by org.testng.reporters.JUnitReportReporter -->
<testsuite hostname="DESKTOP-BQ6L8PU" failures="0" tests="2" name="TestNG_disable.sample" time="0.027" errors="0" timestamp="2022-08-19T23:34:32 IST" skipped="1">
  <testcase classname="TestNG_disable.sample" name="TC1" time="0.027"/>
  <system-out>
    <![CDATA[running tc 1]]>
  </system-out>
  <testcase classname="TestNG_disable.sample" name="TC3">
    <skipped/>
  </testcase> <!-- TC3 -->
  <system-out/>
</testsuite> <!-- TestNG_disable.sample -->
