<?xml version="1.0" encoding="UTF-8"?>
<!-- Generated by org.testng.reporters.JUnitReportReporter -->
<testsuite hostname="DESKTOP-BQ6L8PU" failures="0" tests="1" name="tstng_flage.timeout" time="0.017" errors="0" timestamp="2022-08-23T02:21:18 IST" skipped="0">
  <testcase classname="tstng_flage.timeout" name="tc" time="0.017"/>
  <system-out>
    <![CDATA[hii]]>
  </system-out>
</testsuite> <!-- tstng_flage.timeout -->
