<?xml version="1.0" encoding="UTF-8"?>
<!-- Generated by org.testng.reporters.JUnitReportReporter -->
<testsuite hostname="DESKTOP-BQ6L8PU" failures="0" tests="1" name="True.pp" time="0.021" errors="0" timestamp="2022-08-23T02:19:47 IST" skipped="0">
  <testcase classname="True.pp" name="tc3" time="0.021"/>
  <system-out>
    <![CDATA[test case pass]]>
  </system-out>
</testsuite> <!-- True.pp -->
