<?xml version="1.0" encoding="UTF-8"?>
<!-- Generated by org.testng.reporters.JUnitReportReporter -->
<testsuite hostname="DESKTOP-BQ6L8PU" failures="0" tests="2" name="multibrowser.multibrowser" time="92.392" errors="0" timestamp="2022-08-20T16:08:18 IST" skipped="0">
  <testcase classname="multibrowser.multibrowser" name="TC" time="38.788"/>
  <system-out/>
  <testcase classname="multibrowser.multibrowser" name="TC" time="53.604"/>
  <system-out/>
</testsuite> <!-- multibrowser.multibrowser -->
