<?xml version="1.0" encoding="UTF-8"?>
<!-- Generated by org.testng.reporters.JUnitReportReporter -->
<testsuite hostname="DESKTOP-BQ6L8PU" failures="0" tests="5" name="tstng_flage.flags" time="0.058" errors="0" timestamp="2022-08-18T00:28:52 IST" skipped="0">
  <testcase classname="tstng_flage.flags" name="TC" time="0.009"/>
  <system-out>
    <![CDATA[running tc]]>
  </system-out>
  <testcase classname="tstng_flage.flags" name="TC" time="0.005"/>
  <system-out>
    <![CDATA[running tc]]>
  </system-out>
  <testcase classname="tstng_flage.flags" name="TC" time="0.005"/>
  <system-out>
    <![CDATA[running tc]]>
  </system-out>
  <testcase classname="tstng_flage.flags" name="TC" time="0.005"/>
  <system-out>
    <![CDATA[running tc]]>
  </system-out>
  <testcase classname="tstng_flage.flags" name="TC" time="0.034"/>
  <system-out>
    <![CDATA[running tc]]>
  </system-out>
</testsuite> <!-- tstng_flage.flags -->
