<?xml version="1.0" encoding="UTF-8"?>
<!-- Generated by org.testng.reporters.JUnitReportReporter -->
<testsuite hostname="DESKTOP-BQ6L8PU" failures="0" tests="4" name="TestNG.prority" time="0.033" errors="0" timestamp="2022-08-18T00:35:38 IST" skipped="1">
  <testcase classname="TestNG.prority" name="TC4" time="0.021"/>
  <system-out>
    <![CDATA[hii]]>
  </system-out>
  <testcase classname="TestNG.prority" name="TC2" time="0.003"/>
  <system-out>
    <![CDATA[i am fine ]]>
  </system-out>
  <testcase classname="TestNG.prority" name="TC1" time="0.009"/>
  <system-out>
    <![CDATA[good byee]]>
  </system-out>
  <testcase classname="TestNG.prority" name="TC3">
    <skipped/>
  </testcase> <!-- TC3 -->
  <system-out/>
</testsuite> <!-- TestNG.prority -->
