<?xml version="1.0" encoding="UTF-8"?>
<!-- Generated by org.testng.reporters.JUnitReportReporter -->
<testsuite hostname="DESKTOP-BQ6L8PU" failures="0" tests="1" name="testNg_assert.equal" time="0.029" errors="0" timestamp="2022-08-23T02:01:54 IST" skipped="0">
  <testcase classname="testNg_assert.equal" name="TC1" time="0.029"/>
  <system-out>
    <![CDATA[TC1 is running]]>
  </system-out>
</testsuite> <!-- testNg_assert.equal -->
