<?xml version="1.0" encoding="UTF-8"?>
<!-- Generated by org.testng.reporters.JUnitReportReporter -->
<testsuite hostname="DESKTOP-BQ6L8PU" failures="0" tests="1" name="Test_NG_3class.sample" time="0.029" errors="0" timestamp="2022-08-19T23:18:57 IST" skipped="0">
  <testcase classname="Test_NG_3class.sample" name="TC3" time="0.029"/>
  <system-out>
    <![CDATA[running 3]]>
  </system-out>
</testsuite> <!-- Test_NG_3class.sample -->
