<?xml version="1.0" encoding="UTF-8"?>
<!-- Generated by org.testng.reporters.JUnitReportReporter -->
<testsuite hostname="DESKTOP-BQ6L8PU" failures="0" tests="2" name="testNG_disable_.sample" time="0.019" errors="0" timestamp="2022-08-20T00:08:01 IST" skipped="0">
  <testcase classname="testNG_disable_.sample" name="TC1" time="0.015"/>
  <system-out>
    <![CDATA[running tc 1]]>
  </system-out>
  <testcase classname="testNG_disable_.sample" name="TC2" time="0.004"/>
  <system-out>
    <![CDATA[running TC2]]>
  </system-out>
</testsuite> <!-- testNG_disable_.sample -->
