<?xml version="1.0" encoding="UTF-8"?>
<!-- Generated by org.testng.reporters.JUnitReportReporter -->
<testsuite hostname="DESKTOP-BQ6L8PU" failures="0" tests="1" name="testNg_assert.equal_1" time="0.017" errors="0" timestamp="2022-08-23T02:06:52 IST" skipped="0">
  <testcase classname="testNg_assert.equal_1" name="TC" time="0.017"/>
  <system-out>
    <![CDATA[test case is running]]>
  </system-out>
</testsuite> <!-- testNg_assert.equal_1 -->
